<?xml version="1.0" encoding="UTF-8" standalone="no"?><testsuite errors="0" failures="1" hostname="Patricia-PC" name="default.test" tests="37" time="0.943000"><properties><property name="java.vendor" value="Sun Microsystems Inc."/><property name="org.eclipse.debug.ui.breakpoints.toggleFactoriesUsed" value="false"/><property name="osgi.bundles.defaultStartLevel" value="4"/><property name="org.osgi.supports.framework.extension" value="true"/><property name="sun.management.compiler" value="HotSpot Client Compiler"/><property name="eclipse.p2.profile" value="epp.package.modeling"/><property name="os.name" value="Windows 7"/><property name="sun.boot.class.path" value="C:\Program Files\Java\jdk1.6.0_18\jre\lib\resources.jar;C:\Program Files\Java\jdk1.6.0_18\jre\lib\rt.jar;C:\Program Files\Java\jdk1.6.0_18\jre\lib\sunrsasign.jar;C:\Program Files\Java\jdk1.6.0_18\jre\lib\jsse.jar;C:\Program Files\Java\jdk1.6.0_18\jre\lib\jce.jar;C:\Program Files\Java\jdk1.6.0_18\jre\lib\charsets.jar;C:\Program Files\Java\jdk1.6.0_18\jre\classes"/><property name="osgi.ws" value="win32"/><property name="sun.desktop" value="windows"/><property name="java.vm.specification.vendor" value="Sun Microsystems Inc."/><property name="ant.home" value="C:\Users\Patricia\Documents\Instaladores\eclipse modelling tools\plugins\org.apache.ant_1.8.3.v201301120609"/><property name="java.runtime.version" value="1.6.0_18-b07"/><property name="help.lucene.tokenizer" value="standard"/><property name="osgi.instance.area" value="file:/C:/Users/Patricia/Documents/UNIVERSIDAD/PFC/Eclipse_1/"/><property name="org.osgi.framework.uuid" value="00562217-09a1-0012-15f5-be1f91c81aad"/><property name="user.name" value="Patricia"/><property name="osgi.framework.extensions" value=""/><property name="org.osgi.framework.system.packages" value="javax.accessibility,javax.activation,javax.activity,javax.annotation,javax.annotation.processing,javax.crypto,javax.crypto.interfaces,javax.crypto.spec,javax.imageio,javax.imageio.event,javax.imageio.metadata,javax.imageio.plugins.bmp,javax.imageio.plugins.jpeg,javax.imageio.spi,javax.imageio.stream,javax.jws,javax.jws.soap,javax.lang.model,javax.lang.model.element,javax.lang.model.type,javax.lang.model.util,javax.management,javax.management.loading,javax.management.modelmbean,javax.management.monitor,javax.management.openmbean,javax.management.relation,javax.management.remote,javax.management.remote.rmi,javax.management.timer,javax.naming,javax.naming.directory,javax.naming.event,javax.naming.ldap,javax.naming.spi,javax.net,javax.net.ssl,javax.print,javax.print.attribute,javax.print.attribute.standard,javax.print.event,javax.rmi,javax.rmi.CORBA,javax.rmi.ssl,javax.script,javax.security.auth,javax.security.auth.callback,javax.security.auth.kerberos,javax.security.auth.login,javax.security.auth.spi,javax.security.auth.x500,javax.security.cert,javax.security.sasl,javax.sound.midi,javax.sound.midi.spi,javax.sound.sampled,javax.sound.sampled.spi,javax.sql,javax.sql.rowset,javax.sql.rowset.serial,javax.sql.rowset.spi,javax.swing,javax.swing.border,javax.swing.colorchooser,javax.swing.event,javax.swing.filechooser,javax.swing.plaf,javax.swing.plaf.basic,javax.swing.plaf.metal,javax.swing.plaf.multi,javax.swing.plaf.synth,javax.swing.table,javax.swing.text,javax.swing.text.html,javax.swing.text.html.parser,javax.swing.text.rtf,javax.swing.tree,javax.swing.undo,javax.tools,javax.transaction,javax.transaction.xa,javax.xml,javax.xml.bind,javax.xml.bind.annotation,javax.xml.bind.annotation.adapters,javax.xml.bind.attachment,javax.xml.bind.helpers,javax.xml.bind.util,javax.xml.crypto,javax.xml.crypto.dom,javax.xml.crypto.dsig,javax.xml.crypto.dsig.dom,javax.xml.crypto.dsig.keyinfo,javax.xml.crypto.dsig.spec,javax.xml.datatype,javax.xml.namespace,javax.xml.parsers,javax.xml.soap,javax.xml.stream,javax.xml.stream.events,javax.xml.stream.util,javax.xml.transform,javax.xml.transform.dom,javax.xml.transform.sax,javax.xml.transform.stax,javax.xml.transform.stream,javax.xml.validation,javax.xml.ws,javax.xml.ws.handler,javax.xml.ws.handler.soap,javax.xml.ws.http,javax.xml.ws.soap,javax.xml.ws.spi,javax.xml.ws.wsaddressing,javax.xml.xpath,org.ietf.jgss,org.omg.CORBA,org.omg.CORBA_2_3,org.omg.CORBA_2_3.portable,org.omg.CORBA.DynAnyPackage,org.omg.CORBA.ORBPackage,org.omg.CORBA.portable,org.omg.CORBA.TypeCodePackage,org.omg.CosNaming,org.omg.CosNaming.NamingContextExtPackage,org.omg.CosNaming.NamingContextPackage,org.omg.Dynamic,org.omg.DynamicAny,org.omg.DynamicAny.DynAnyFactoryPackage,org.omg.DynamicAny.DynAnyPackage,org.omg.IOP,org.omg.IOP.CodecFactoryPackage,org.omg.IOP.CodecPackage,org.omg.Messaging,org.omg.PortableInterceptor,org.omg.PortableInterceptor.ORBInitInfoPackage,org.omg.PortableServer,org.omg.PortableServer.CurrentPackage,org.omg.PortableServer.POAManagerPackage,org.omg.PortableServer.POAPackage,org.omg.PortableServer.portable,org.omg.PortableServer.ServantLocatorPackage,org.omg.SendingContext,org.omg.stub.java.rmi,org.w3c.dom,org.w3c.dom.bootstrap,org.w3c.dom.css,org.w3c.dom.events,org.w3c.dom.html,org.w3c.dom.ls,org.w3c.dom.ranges,org.w3c.dom.stylesheets,org.w3c.dom.traversal,org.w3c.dom.views,org.w3c.dom.xpath,org.xml.sax,org.xml.sax.ext,org.xml.sax.helpers"/><property name="eclipse.launcher" value="C:\Users\Patricia\Documents\Instaladores\eclipse modelling tools\eclipse.exe"/><property name="eclipse.launcher.name" value="Eclipse"/><property name="org.osgi.framework.language" value="es"/><property name="equinox.use.ds" value="true"/><property name="user.language" value="es"/><property name="org.osgi.framework.processor" value="x86"/><property name="osgi.syspath" value="c:\Users\Patricia\Documents\Instaladores\eclipse modelling tools\plugins"/><property name="sun.boot.library.path" value="C:\Program Files\Java\jdk1.6.0_18\jre\bin"/><property name="org.osgi.framework.system.capabilities" value="osgi.ee; osgi.ee=&quot;OSGi/Minimum&quot;; version:List&lt;Version&gt;=&quot;1.0, 1.1, 1.2&quot;,osgi.ee; osgi.ee=&quot;JRE&quot;; version:List&lt;Version&gt;=&quot;1.0, 1.1&quot;,osgi.ee; osgi.ee=&quot;JavaSE&quot;; version:List&lt;Version&gt;=&quot;1.0, 1.1, 1.2, 1.3, 1.4, 1.5, 1.6&quot;"/><property name="osgi.manifest.cache" value="C:\Users\Patricia\Documents\Instaladores\eclipse modelling tools\configuration\org.eclipse.osgi\manifests"/><property name="java.version" value="1.6.0_18"/><property name="org.osgi.framework.os.name" value="Windows7"/><property name="user.timezone" value="Europe/Paris"/><property name="sun.arch.data.model" value="32"/><property name="osgi.bundles" value="reference:file:org.eclipse.equinox.simpleconfigurator_1.0.301.v20120914-163612.jar@1:start"/><property name="java.endorsed.dirs" value="C:\Program Files\Java\jdk1.6.0_18\jre\lib\endorsed"/><property name="osgi.tracefile" value="C:\Users\Patricia\Documents\UNIVERSIDAD\PFC\Eclipse_1\.metadata\trace.log"/><property name="eclipse.application" value="org.eclipse.ui.ide.workbench"/><property name="sun.cpu.isalist" value="pentium_pro+mmx pentium_pro pentium+mmx pentium i486 i386 i86"/><property name="sun.jnu.encoding" value="Cp1252"/><property name="file.encoding.pkg" value="sun.io"/><property name="org.osgi.framework.vendor" value="Eclipse"/><property name="file.separator" value="\"/><property name="java.specification.name" value="Java Platform API Specification"/><property name="java.class.version" value="50.0"/><property name="user.country" value="ES"/><property name="org.eclipse.equinox.launcher.splash.location" value="C:\Users\Patricia\Documents\Instaladores\eclipse modelling tools\\plugins\org.eclipse.platform_4.2.2.v201302041200\splash.bmp"/><property name="java.home" value="C:\Program Files\Java\jdk1.6.0_18\jre"/><property name="osgi.os" value="win32"/><property name="eclipse.commands" value="-os&#10;win32&#10;-ws&#10;win32&#10;-arch&#10;x86&#10;-showsplash&#10;C:\Users\Patricia\Documents\Instaladores\eclipse modelling tools\\plugins\org.eclipse.platform_4.2.2.v201302041200\splash.bmp&#10;-launcher&#10;C:\Users\Patricia\Documents\Instaladores\eclipse modelling tools\eclipse.exe&#10;-name&#10;Eclipse&#10;--launcher.library&#10;C:\Users\Patricia\Documents\Instaladores\eclipse modelling tools\\plugins/org.eclipse.equinox.launcher.win32.win32.x86_1.1.200.v20120913-144807\eclipse_1503.dll&#10;-startup&#10;C:\Users\Patricia\Documents\Instaladores\eclipse modelling tools\\plugins/org.eclipse.equinox.launcher_1.3.0.v20120522-1813.jar&#10;--launcher.overrideVmargs&#10;-product&#10;org.eclipse.epp.package.modeling.product&#10;-vm&#10;C:/Program Files/Java/jdk1.6.0_18/bin/../jre/bin\client\jvm.dll&#10;"/><property name="java.vm.info" value="mixed mode, sharing"/><property name="osgi.splashLocation" value="C:\Users\Patricia\Documents\Instaladores\eclipse modelling tools\\plugins\org.eclipse.platform_4.2.2.v201302041200\splash.bmp"/><property name="os.version" value="6.1"/><property name="osgi.arch" value="x86"/><property name="path.separator" value=";"/><property name="java.vm.version" value="16.0-b13"/><property name="org.osgi.supports.framework.fragment" value="true"/><property name="user.variant" value=""/><property name="ant.library.dir" value="C:\Users\Patricia\Documents\Instaladores\eclipse modelling tools\plugins\org.apache.ant_1.8.3.v201301120609\lib"/><property name="osgi.framework.shape" value="jar"/><property name="osgi.instance.area.default" value="file:/C:/Users/Patricia/workspace/"/><property name="java.awt.printerjob" value="sun.awt.windows.WPrinterJob"/><property name="sun.io.unicode.encoding" value="UnicodeLittle"/><property name="org.osgi.framework.version" value="1.7.0"/><property name="awt.toolkit" value="sun.awt.windows.WToolkit"/><property name="osgi.install.area" value="file:/C:/Users/Patricia/Documents/Instaladores/eclipse modelling tools/"/><property name="osgi.framework" value="file:/c:/Users/Patricia/Documents/Instaladores/eclipse modelling tools/plugins/org.eclipse.osgi_3.8.2.v20130124-134944.jar"/><property name="user.home" value="C:\Users\Patricia"/><property name="org.eclipse.equinox.simpleconfigurator.configUrl" value="file:org.eclipse.equinox.simpleconfigurator/bundles.info"/><property name="osgi.bundlestore" value="C:\Users\Patricia\Documents\Instaladores\eclipse modelling tools\configuration\org.eclipse.osgi\bundles"/><property name="osgi.splashPath" value="platform:/base/plugins/org.eclipse.platform"/><property name="osgi.nl" value="es_ES"/><property name="java.specification.vendor" value="Sun Microsystems Inc."/><property name="java.library.path" value="C:\Users\Patricia\Documents\Instaladores\eclipse modelling tools;.;C:\Windows\Sun\Java\bin;C:\Windows\system32;C:\Windows;C:/Program Files/Java/jdk1.6.0_18/bin/../jre/bin/client;C:/Program Files/Java/jdk1.6.0_18/bin/../jre/bin;C:/Program Files/Java/jdk1.6.0_18/bin/../jre/lib/i386;C:\Program Files\Java\jdk1.6.0_18\bin;C:\GNAT\2010\bin;C:\Program Files\Common Files\Microsoft Shared\Windows Live;C:\Windows\system32;C:\Windows;C:\Windows\System32\Wbem;C:\Windows\System32\WindowsPowerShell\v1.0\;C:\Program Files\Common Files\Autodesk Shared\;C:\GtkAda\bin;C:\GNAT\bin;C:\Dev-Cpp\bin;C:\GnuWin32\bin;C:\Program Files\Graphviz 2.28\bin;C:\Program Files\QuickTime\QTSystem\;c:\Program Files\Microsoft SQL Server\100\Tools\Binn\;c:\Program Files\Microsoft SQL Server\100\DTS\Binn\;C:\Program Files\TortoiseSVN\bin;C:\Program Files\MiKTeX 2.9\miktex\bin\;C:\GNAT\2010\bin;C:\Program Files\Common Files\Microsoft Shared\Windows Live;C:\texlive\2012\bin\win32;C:\Users\Patricia\Documents\Instaladores\eclipse modelling tools;"/><property name="java.vendor.url" value="http://java.sun.com/"/><property name="org.osgi.framework.os.version" value="6.1.0"/><property name="eclipse.p2.data.area" value="@config.dir/../p2/"/><property name="eclipse.startTime" value="1365507118584"/><property name="java.vm.vendor" value="Sun Microsystems Inc."/><property name="java.runtime.name" value="Java(TM) SE Runtime Environment"/><property name="java.class.path" value="C:\Users\Patricia\Documents\Instaladores\eclipse modelling tools\\plugins/org.eclipse.equinox.launcher_1.3.0.v20120522-1813.jar"/><property name="osgi.requiredJavaVersion" value="1.5"/><property name="org.eclipse.update.reconcile" value="false"/><property name="eclipse.vm" value="C:/Program Files/Java/jdk1.6.0_18/bin/../jre/bin\client\jvm.dll"/><property name="java.vm.specification.name" value="Java Virtual Machine Specification"/><property name="java.vm.specification.version" value="1.0"/><property name="sun.cpu.endian" value="little"/><property name="sun.os.patch.level" value=""/><property name="gosh.args" value="--nointeractive"/><property name="java.io.tmpdir" value="C:\Users\Patricia\AppData\Local\Temp\"/><property name="applicationXMI" value="org.eclipse.ui.workbench/LegacyIDE.e4xmi"/><property name="java.vendor.url.bug" value="http://java.sun.com/cgi-bin/bugreport.cgi"/><property name="eclipse.product" value="org.eclipse.epp.package.modeling.product"/><property name="eclipse.home.location" value="file:/C:/Users/Patricia/Documents/Instaladores/eclipse modelling tools/"/><property name="os.arch" value="x86"/><property name="java.awt.graphicsenv" value="sun.awt.Win32GraphicsEnvironment"/><property name="java.ext.dirs" value="C:\Program Files\Java\jdk1.6.0_18\jre\lib\ext;C:\Windows\Sun\Java\lib\ext"/><property name="user.dir" value="C:\Users\Patricia\Documents\Instaladores\eclipse modelling tools"/><property name="org.osgi.supports.framework.requirebundle" value="true"/><property name="line.separator" value="&#13;&#10;"/><property name="java.vm.name" value="Java HotSpot(TM) Client VM"/><property name="org.apache.commons.logging.Log" value="org.apache.commons.logging.impl.NoOpLog"/><property name="file.encoding" value="Cp1252"/><property name="osgi.framework.version" value="3.8.2.v20130124-134944"/><property name="eclipse.buildId" value="M20130204-1200"/><property name="eclipse.vmargs" value="-Dosgi.requiredJavaVersion=1.5&#10;-Dhelp.lucene.tokenizer=standard&#10;-Xms40m&#10;-Xmx512m&#10;-XX:MaxPermSize=256m&#10;-Djava.class.path=C:\Users\Patricia\Documents\Instaladores\eclipse modelling tools\\plugins/org.eclipse.equinox.launcher_1.3.0.v20120522-1813.jar&#10;"/><property name="java.specification.version" value="1.6"/><property name="org.osgi.framework.executionenvironment" value="OSGi/Minimum-1.0,OSGi/Minimum-1.1,OSGi/Minimum-1.2,JRE-1.1,J2SE-1.2,J2SE-1.3,J2SE-1.4,J2SE-1.5,JavaSE-1.6"/><property name="osgi.logfile" value="C:\Users\Patricia\Documents\UNIVERSIDAD\PFC\Eclipse_1\.metadata\.log"/><property name="osgi.configuration.area" value="file:/C:/Users/Patricia/Documents/Instaladores/eclipse modelling tools/configuration/"/></properties><testcase classname="default.test" name="classWithNameAndWithoutType" time="0.00500000"/><testcase classname="default.test" name="classTypeAbstract" time="0.00100000"/><testcase classname="default.test" name="classHierarchyOneOrManyClasses" time="0.00100000"/><testcase classname="default.test" name="classHierarchyClassesAndInterfaces" time="0.00100000"/><testcase classname="default.test" name="classWithoutProperties" time="0.0370000"/><testcase classname="default.test" name="classWithoutMethods" time="0.0160000"/><testcase classname="default.test" name="classWithoutPropertiesNorMethods" time="0.0140000"/><testcase classname="default.test" name="classWithProperties" time="0.0180000"/><testcase classname="default.test" name="classWithMethods" time="0.0170000"/><testcase classname="default.test" name="classWithPropertiesAndMethods" time="0.0270000"/><testcase classname="default.test" name="packageWithName" time="0.0640000"/><testcase classname="default.test" name="packageWithClassesAndInterfaces" time="0.355000"/><testcase classname="default.test" name="emptyPackage" time="0.00100000"/><testcase classname="default.test" name="packageInsideOtherPackage" time="0.0440000"/><testcase classname="default.test" name="interfaceWithName" time="0.00900000"/><testcase classname="default.test" name="interfaceWithMethods" time="0.0160000"/><testcase classname="default.test" name="interfaceWithoutMethods" time="0.0140000"/><testcase classname="default.test" name="propertyWithName" time="0.00100000"/><testcase classname="default.test" name="propertyWithoutName" time="0.00100000"/><testcase classname="default.test" name="staticProperty" time="0.00100000"/><testcase classname="default.test" name="collectionProperty" time="0.00200000"/><testcase classname="default.test" name="propertyIsObject" time="0.00100000"/><testcase classname="default.test" name="bidirectionalRelation" time="0.00100000"/><testcase classname="default.test" name="methodWithName" time="0.00100000"/><testcase classname="default.test" name="methodWithoutName" time="0.00100000"/><testcase classname="default.test" name="methodWithoutTypeAndWithoutParams" time="0.00100000"/><testcase classname="default.test" name="methodWithoutTypeAndWithParams" time="0.00200000"><failure message="Internal error: Internal error: No lines contained a match for 'PaquetePruebas_metodoSinTipoConParam [ int a]' [C:\Users\Patricia\Documents\UNIVERSIDAD\PFC\Eclipse_1\TestGraphProductLine\src\test.eunit@128:4]&#13;&#10;&#9;at org.eclipse.epsilon.eunit.operations.ExtraEUnitOperationContributor.assertLineMatchingPredicate[ExtraEUnitOperationContributor.java:145]&#13;&#10;&#9;at org.eclipse.epsilon.eunit.operations.ExtraEUnitOperationContributor.assertLineWithMatch[ExtraEUnitOperationContributor.java:123]&#13;&#10;&#9;at org.eclipse.epsilon.eunit.operations.ExtraEUnitOperationContributor.assertLineWithMatch[ExtraEUnitOperationContributor.java:116]&#13;&#10;&#9;at sun.reflect.GeneratedMethodAccessor485.invoke[Unknown Source]&#13;&#10;&#9;at sun.reflect.DelegatingMethodAccessorImpl.invoke[DelegatingMethodAccessorImpl.java:25]&#13;&#10;&#9;at java.lang.reflect.Method.invoke[Method.java:597]&#13;&#10;&#9;at org.eclipse.epsilon.eol.util.ReflectionUtil.executeMethod[ReflectionUtil.java:175]&#13;&#10;&#9;at org.eclipse.epsilon.eol.util.ReflectionUtil.executeMethod[ReflectionUtil.java:157]&#13;&#10;&#9;at org.eclipse.epsilon.eol.execute.PointExecutor.executeOperation[PointExecutor.java:154]&#13;&#10;&#9;at org.eclipse.epsilon.eol.execute.PointExecutor.execute[PointExecutor.java:75]&#13;&#10;&#9;at org.eclipse.epsilon.eol.execute.ContextlessOperationExecutor.execute[ContextlessOperationExecutor.java:27]&#13;&#10;&#9;at org.eclipse.epsilon.eol.execute.NameExecutor.execute[NameExecutor.java:38]&#13;&#10;&#9;at org.eclipse.epsilon.eol.execute.NameExecutor.execute[NameExecutor.java:97]&#13;&#10;&#9;at org.eclipse.epsilon.eol.execute.ExecutorFactory.executeAST[ExecutorFactory.java:226]&#13;&#10;&#9;at org.eclipse.epsilon.eol.execute.ExecutorFactory.executeAST[ExecutorFactory.java:196]&#13;&#10;&#9;at org.eclipse.epsilon.eol.execute.StatementBlockExecutor.execute[StatementBlockExecutor.java:26]&#13;&#10;&#9;at org.eclipse.epsilon.eol.execute.ExecutorFactory.executeAST[ExecutorFactory.java:226]&#13;&#10;&#9;at org.eclipse.epsilon.eol.EolOperation.executeBody[EolOperation.java:276]&#13;&#10;&#9;at org.eclipse.epsilon.eol.EolOperation.execute[EolOperation.java:248]&#13;&#10;&#9;at org.eclipse.epsilon.eunit.EUnitModule.runLeafTestCase[EUnitModule.java:414]&#13;&#10;&#9;at org.eclipse.epsilon.eunit.EUnitModule.runSuiteInternal[EUnitModule.java:342]&#13;&#10;&#9;at org.eclipse.epsilon.eunit.EUnitModule.runSuite[EUnitModule.java:165]&#13;&#10;&#9;at org.eclipse.epsilon.eunit.EUnitModule.runInnerTestCase[EUnitModule.java:369]&#13;&#10;&#9;at org.eclipse.epsilon.eunit.EUnitModule.runSuiteInternal[EUnitModule.java:344]&#13;&#10;&#9;at org.eclipse.epsilon.eunit.EUnitModule.runSuite[EUnitModule.java:165]&#13;&#10;&#9;at org.eclipse.epsilon.eunit.EUnitModule.execute[EUnitModule.java:126]&#13;&#10;&#9;at org.eclipse.epsilon.workflow.tasks.ExecutableModuleTask.executeImpl[ExecutableModuleTask.java:193]&#13;&#10;&#9;at org.eclipse.epsilon.workflow.tasks.EpsilonTask.execute[EpsilonTask.java:42]&#13;&#10;&#9;at org.apache.tools.ant.UnknownElement.execute[UnknownElement.java:291]&#13;&#10;&#9;at sun.reflect.NativeMethodAccessorImpl.invoke0[Native Method]&#13;&#10;&#9;at sun.reflect.NativeMethodAccessorImpl.invoke[NativeMethodAccessorImpl.java:39]&#13;&#10;&#9;at sun.reflect.DelegatingMethodAccessorImpl.invoke[DelegatingMethodAccessorImpl.java:25]&#13;&#10;&#9;at java.lang.reflect.Method.invoke[Method.java:597]&#13;&#10;&#9;at org.apache.tools.ant.dispatch.DispatchUtils.execute[DispatchUtils.java:106]&#13;&#10;&#9;at org.apache.tools.ant.Task.perform[Task.java:348]&#13;&#10;&#9;at org.apache.tools.ant.Target.execute[Target.java:392]&#13;&#10;&#9;at org.apache.tools.ant.Target.performTasks[Target.java:413]&#13;&#10;&#9;at org.apache.tools.ant.Project.executeSortedTargets[Project.java:1399]&#13;&#10;&#9;at org.apache.tools.ant.Project.executeTarget[Project.java:1368]&#13;&#10;&#9;at org.apache.tools.ant.helper.DefaultExecutor.executeTargets[DefaultExecutor.java:41]&#13;&#10;&#9;at org.eclipse.ant.internal.core.ant.EclipseDefaultExecutor.executeTargets[EclipseDefaultExecutor.java:32]&#13;&#10;&#9;at org.apache.tools.ant.Project.executeTargets[Project.java:1251]&#13;&#10;&#9;at org.eclipse.ant.internal.core.ant.InternalAntRunner.run[InternalAntRunner.java:672]&#13;&#10;&#9;at org.eclipse.ant.internal.core.ant.InternalAntRunner.run[InternalAntRunner.java:498]&#13;&#10;&#9;at sun.reflect.NativeMethodAccessorImpl.invoke0[Native Method]&#13;&#10;&#9;at sun.reflect.NativeMethodAccessorImpl.invoke[NativeMethodAccessorImpl.java:39]&#13;&#10;&#9;at sun.reflect.DelegatingMethodAccessorImpl.invoke[DelegatingMethodAccessorImpl.java:25]&#13;&#10;&#9;at java.lang.reflect.Method.invoke[Method.java:597]&#13;&#10;&#9;at org.eclipse.ant.core.AntRunner.run[AntRunner.java:378]&#13;&#10;&#9;at org.eclipse.ant.internal.launching.launchConfigurations.AntLaunchDelegate$1.run[AntLaunchDelegate.java:298]&#13;&#10;&#9;at java.lang.Thread.run[Thread.java:619]&#13;&#10;&#13;&#10;&#9;at org.eclipse.epsilon.eunit.operations.ExtraEUnitOperationContributor.assertLineMatchingPredicate[ExtraEUnitOperationContributor.java:145]&#13;&#10;&#9;at org.eclipse.epsilon.eunit.operations.ExtraEUnitOperationContributor.assertLineWithMatch[ExtraEUnitOperationContributor.java:123]&#13;&#10;&#9;at org.eclipse.epsilon.eunit.operations.ExtraEUnitOperationContributor.assertLineWithMatch[ExtraEUnitOperationContributor.java:116]&#13;&#10;&#9;at sun.reflect.GeneratedMethodAccessor485.invoke[Unknown Source]&#13;&#10;&#9;at sun.reflect.DelegatingMethodAccessorImpl.invoke[DelegatingMethodAccessorImpl.java:25]&#13;&#10;&#9;at java.lang.reflect.Method.invoke[Method.java:597]&#13;&#10;&#9;at org.eclipse.epsilon.eol.util.ReflectionUtil.executeMethod[ReflectionUtil.java:175]&#13;&#10;&#9;at org.eclipse.epsilon.eol.util.ReflectionUtil.executeMethod[ReflectionUtil.java:157]&#13;&#10;&#9;at org.eclipse.epsilon.eol.execute.PointExecutor.executeOperation[PointExecutor.java:154]&#13;&#10;&#9;at org.eclipse.epsilon.eol.execute.PointExecutor.execute[PointExecutor.java:75]&#13;&#10;&#9;at org.eclipse.epsilon.eol.execute.ContextlessOperationExecutor.execute[ContextlessOperationExecutor.java:27]&#13;&#10;&#9;at org.eclipse.epsilon.eol.execute.NameExecutor.execute[NameExecutor.java:38]&#13;&#10;&#9;at org.eclipse.epsilon.eol.execute.NameExecutor.execute[NameExecutor.java:97]&#13;&#10;&#9;at org.eclipse.epsilon.eol.execute.ExecutorFactory.executeAST[ExecutorFactory.java:226]&#13;&#10;&#9;at org.eclipse.epsilon.eol.execute.ExecutorFactory.executeAST[ExecutorFactory.java:196]&#13;&#10;&#9;at org.eclipse.epsilon.eol.execute.StatementBlockExecutor.execute[StatementBlockExecutor.java:26]&#13;&#10;&#9;at org.eclipse.epsilon.eol.execute.ExecutorFactory.executeAST[ExecutorFactory.java:226]&#13;&#10;&#9;at org.eclipse.epsilon.eol.EolOperation.executeBody[EolOperation.java:276]&#13;&#10;&#9;at org.eclipse.epsilon.eol.EolOperation.execute[EolOperation.java:248]&#13;&#10;&#9;at org.eclipse.epsilon.eunit.EUnitModule.runLeafTestCase[EUnitModule.java:414]&#13;&#10;&#9;at org.eclipse.epsilon.eunit.EUnitModule.runSuiteInternal[EUnitModule.java:342]&#13;&#10;&#9;at org.eclipse.epsilon.eunit.EUnitModule.runSuite[EUnitModule.java:165]&#13;&#10;&#9;at org.eclipse.epsilon.eunit.EUnitModule.runInnerTestCase[EUnitModule.java:369]&#13;&#10;&#9;at org.eclipse.epsilon.eunit.EUnitModule.runSuiteInternal[EUnitModule.java:344]&#13;&#10;&#9;at org.eclipse.epsilon.eunit.EUnitModule.runSuite[EUnitModule.java:165]&#13;&#10;&#9;at org.eclipse.epsilon.eunit.EUnitModule.execute[EUnitModule.java:126]&#13;&#10;&#9;at org.eclipse.epsilon.workflow.tasks.ExecutableModuleTask.executeImpl[ExecutableModuleTask.java:193]&#13;&#10;&#9;at org.eclipse.epsilon.workflow.tasks.EpsilonTask.execute[EpsilonTask.java:42]&#13;&#10;&#9;at org.apache.tools.ant.UnknownElement.execute[UnknownElement.java:291]&#13;&#10;&#9;at sun.reflect.NativeMethodAccessorImpl.invoke0[Native Method]&#13;&#10;&#9;at sun.reflect.NativeMethodAccessorImpl.invoke[NativeMethodAccessorImpl.java:39]&#13;&#10;&#9;at sun.reflect.DelegatingMethodAccessorImpl.invoke[DelegatingMethodAccessorImpl.java:25]&#13;&#10;&#9;at java.lang.reflect.Method.invoke[Method.java:597]&#13;&#10;&#9;at org.apache.tools.ant.dispatch.DispatchUtils.execute[DispatchUtils.java:106]&#13;&#10;&#9;at org.apache.tools.ant.Task.perform[Task.java:348]&#13;&#10;&#9;at org.apache.tools.ant.Target.execute[Target.java:392]&#13;&#10;&#9;at org.apache.tools.ant.Target.performTasks[Target.java:413]&#13;&#10;&#9;at org.apache.tools.ant.Project.executeSortedTargets[Project.java:1399]&#13;&#10;&#9;at org.apache.tools.ant.Project.executeTarget[Project.java:1368]&#13;&#10;&#9;at org.apache.tools.ant.helper.DefaultExecutor.executeTargets[DefaultExecutor.java:41]&#13;&#10;&#9;at org.eclipse.ant.internal.core.ant.EclipseDefaultExecutor.executeTargets[EclipseDefaultExecutor.java:32]&#13;&#10;&#9;at org.apache.tools.ant.Project.executeTargets[Project.java:1251]&#13;&#10;&#9;at org.eclipse.ant.internal.core.ant.InternalAntRunner.run[InternalAntRunner.java:672]&#13;&#10;&#9;at org.eclipse.ant.internal.core.ant.InternalAntRunner.run[InternalAntRunner.java:498]&#13;&#10;&#9;at sun.reflect.NativeMethodAccessorImpl.invoke0[Native Method]&#13;&#10;&#9;at sun.reflect.NativeMethodAccessorImpl.invoke[NativeMethodAccessorImpl.java:39]&#13;&#10;&#9;at sun.reflect.DelegatingMethodAccessorImpl.invoke[DelegatingMethodAccessorImpl.java:25]&#13;&#10;&#9;at java.lang.reflect.Method.invoke[Method.java:597]&#13;&#10;&#9;at org.eclipse.ant.core.AntRunner.run[AntRunner.java:378]&#13;&#10;&#9;at org.eclipse.ant.internal.launching.launchConfigurations.AntLaunchDelegate$1.run[AntLaunchDelegate.java:298]&#13;&#10;&#9;at java.lang.Thread.run[Thread.java:619]&#13;&#10;Caused by: No lines contained a match for 'PaquetePruebas_metodoSinTipoConParam [ int a]' [C:\Users\Patricia\Documents\UNIVERSIDAD\PFC\Eclipse_1\TestGraphProductLine\src\test.eunit@128:4]&#13;&#10;&#9;... 51 more&#13;&#10; (C:\Users\Patricia\Documents\UNIVERSIDAD\PFC\Eclipse_1\TestGraphProductLine\src\test.eunit@128:4)" type="org.eclipse.epsilon.eol.exceptions.EolInternalException">Internal error: Internal error: No lines contained a match for 'PaquetePruebas_metodoSinTipoConParam [ int a]' [C:\Users\Patricia\Documents\UNIVERSIDAD\PFC\Eclipse_1\TestGraphProductLine\src\test.eunit@128:4]&#13;
	at org.eclipse.epsilon.eunit.operations.ExtraEUnitOperationContributor.assertLineMatchingPredicate[ExtraEUnitOperationContributor.java:145]&#13;
	at org.eclipse.epsilon.eunit.operations.ExtraEUnitOperationContributor.assertLineWithMatch[ExtraEUnitOperationContributor.java:123]&#13;
	at org.eclipse.epsilon.eunit.operations.ExtraEUnitOperationContributor.assertLineWithMatch[ExtraEUnitOperationContributor.java:116]&#13;
	at sun.reflect.GeneratedMethodAccessor485.invoke[Unknown Source]&#13;
	at sun.reflect.DelegatingMethodAccessorImpl.invoke[DelegatingMethodAccessorImpl.java:25]&#13;
	at java.lang.reflect.Method.invoke[Method.java:597]&#13;
	at org.eclipse.epsilon.eol.util.ReflectionUtil.executeMethod[ReflectionUtil.java:175]&#13;
	at org.eclipse.epsilon.eol.util.ReflectionUtil.executeMethod[ReflectionUtil.java:157]&#13;
	at org.eclipse.epsilon.eol.execute.PointExecutor.executeOperation[PointExecutor.java:154]&#13;
	at org.eclipse.epsilon.eol.execute.PointExecutor.execute[PointExecutor.java:75]&#13;
	at org.eclipse.epsilon.eol.execute.ContextlessOperationExecutor.execute[ContextlessOperationExecutor.java:27]&#13;
	at org.eclipse.epsilon.eol.execute.NameExecutor.execute[NameExecutor.java:38]&#13;
	at org.eclipse.epsilon.eol.execute.NameExecutor.execute[NameExecutor.java:97]&#13;
	at org.eclipse.epsilon.eol.execute.ExecutorFactory.executeAST[ExecutorFactory.java:226]&#13;
	at org.eclipse.epsilon.eol.execute.ExecutorFactory.executeAST[ExecutorFactory.java:196]&#13;
	at org.eclipse.epsilon.eol.execute.StatementBlockExecutor.execute[StatementBlockExecutor.java:26]&#13;
	at org.eclipse.epsilon.eol.execute.ExecutorFactory.executeAST[ExecutorFactory.java:226]&#13;
	at org.eclipse.epsilon.eol.EolOperation.executeBody[EolOperation.java:276]&#13;
	at org.eclipse.epsilon.eol.EolOperation.execute[EolOperation.java:248]&#13;
	at org.eclipse.epsilon.eunit.EUnitModule.runLeafTestCase[EUnitModule.java:414]&#13;
	at org.eclipse.epsilon.eunit.EUnitModule.runSuiteInternal[EUnitModule.java:342]&#13;
	at org.eclipse.epsilon.eunit.EUnitModule.runSuite[EUnitModule.java:165]&#13;
	at org.eclipse.epsilon.eunit.EUnitModule.runInnerTestCase[EUnitModule.java:369]&#13;
	at org.eclipse.epsilon.eunit.EUnitModule.runSuiteInternal[EUnitModule.java:344]&#13;
	at org.eclipse.epsilon.eunit.EUnitModule.runSuite[EUnitModule.java:165]&#13;
	at org.eclipse.epsilon.eunit.EUnitModule.execute[EUnitModule.java:126]&#13;
	at org.eclipse.epsilon.workflow.tasks.ExecutableModuleTask.executeImpl[ExecutableModuleTask.java:193]&#13;
	at org.eclipse.epsilon.workflow.tasks.EpsilonTask.execute[EpsilonTask.java:42]&#13;
	at org.apache.tools.ant.UnknownElement.execute[UnknownElement.java:291]&#13;
	at sun.reflect.NativeMethodAccessorImpl.invoke0[Native Method]&#13;
	at sun.reflect.NativeMethodAccessorImpl.invoke[NativeMethodAccessorImpl.java:39]&#13;
	at sun.reflect.DelegatingMethodAccessorImpl.invoke[DelegatingMethodAccessorImpl.java:25]&#13;
	at java.lang.reflect.Method.invoke[Method.java:597]&#13;
	at org.apache.tools.ant.dispatch.DispatchUtils.execute[DispatchUtils.java:106]&#13;
	at org.apache.tools.ant.Task.perform[Task.java:348]&#13;
	at org.apache.tools.ant.Target.execute[Target.java:392]&#13;
	at org.apache.tools.ant.Target.performTasks[Target.java:413]&#13;
	at org.apache.tools.ant.Project.executeSortedTargets[Project.java:1399]&#13;
	at org.apache.tools.ant.Project.executeTarget[Project.java:1368]&#13;
	at org.apache.tools.ant.helper.DefaultExecutor.executeTargets[DefaultExecutor.java:41]&#13;
	at org.eclipse.ant.internal.core.ant.EclipseDefaultExecutor.executeTargets[EclipseDefaultExecutor.java:32]&#13;
	at org.apache.tools.ant.Project.executeTargets[Project.java:1251]&#13;
	at org.eclipse.ant.internal.core.ant.InternalAntRunner.run[InternalAntRunner.java:672]&#13;
	at org.eclipse.ant.internal.core.ant.InternalAntRunner.run[InternalAntRunner.java:498]&#13;
	at sun.reflect.NativeMethodAccessorImpl.invoke0[Native Method]&#13;
	at sun.reflect.NativeMethodAccessorImpl.invoke[NativeMethodAccessorImpl.java:39]&#13;
	at sun.reflect.DelegatingMethodAccessorImpl.invoke[DelegatingMethodAccessorImpl.java:25]&#13;
	at java.lang.reflect.Method.invoke[Method.java:597]&#13;
	at org.eclipse.ant.core.AntRunner.run[AntRunner.java:378]&#13;
	at org.eclipse.ant.internal.launching.launchConfigurations.AntLaunchDelegate$1.run[AntLaunchDelegate.java:298]&#13;
	at java.lang.Thread.run[Thread.java:619]&#13;
&#13;
	at org.eclipse.epsilon.eunit.operations.ExtraEUnitOperationContributor.assertLineMatchingPredicate[ExtraEUnitOperationContributor.java:145]&#13;
	at org.eclipse.epsilon.eunit.operations.ExtraEUnitOperationContributor.assertLineWithMatch[ExtraEUnitOperationContributor.java:123]&#13;
	at org.eclipse.epsilon.eunit.operations.ExtraEUnitOperationContributor.assertLineWithMatch[ExtraEUnitOperationContributor.java:116]&#13;
	at sun.reflect.GeneratedMethodAccessor485.invoke[Unknown Source]&#13;
	at sun.reflect.DelegatingMethodAccessorImpl.invoke[DelegatingMethodAccessorImpl.java:25]&#13;
	at java.lang.reflect.Method.invoke[Method.java:597]&#13;
	at org.eclipse.epsilon.eol.util.ReflectionUtil.executeMethod[ReflectionUtil.java:175]&#13;
	at org.eclipse.epsilon.eol.util.ReflectionUtil.executeMethod[ReflectionUtil.java:157]&#13;
	at org.eclipse.epsilon.eol.execute.PointExecutor.executeOperation[PointExecutor.java:154]&#13;
	at org.eclipse.epsilon.eol.execute.PointExecutor.execute[PointExecutor.java:75]&#13;
	at org.eclipse.epsilon.eol.execute.ContextlessOperationExecutor.execute[ContextlessOperationExecutor.java:27]&#13;
	at org.eclipse.epsilon.eol.execute.NameExecutor.execute[NameExecutor.java:38]&#13;
	at org.eclipse.epsilon.eol.execute.NameExecutor.execute[NameExecutor.java:97]&#13;
	at org.eclipse.epsilon.eol.execute.ExecutorFactory.executeAST[ExecutorFactory.java:226]&#13;
	at org.eclipse.epsilon.eol.execute.ExecutorFactory.executeAST[ExecutorFactory.java:196]&#13;
	at org.eclipse.epsilon.eol.execute.StatementBlockExecutor.execute[StatementBlockExecutor.java:26]&#13;
	at org.eclipse.epsilon.eol.execute.ExecutorFactory.executeAST[ExecutorFactory.java:226]&#13;
	at org.eclipse.epsilon.eol.EolOperation.executeBody[EolOperation.java:276]&#13;
	at org.eclipse.epsilon.eol.EolOperation.execute[EolOperation.java:248]&#13;
	at org.eclipse.epsilon.eunit.EUnitModule.runLeafTestCase[EUnitModule.java:414]&#13;
	at org.eclipse.epsilon.eunit.EUnitModule.runSuiteInternal[EUnitModule.java:342]&#13;
	at org.eclipse.epsilon.eunit.EUnitModule.runSuite[EUnitModule.java:165]&#13;
	at org.eclipse.epsilon.eunit.EUnitModule.runInnerTestCase[EUnitModule.java:369]&#13;
	at org.eclipse.epsilon.eunit.EUnitModule.runSuiteInternal[EUnitModule.java:344]&#13;
	at org.eclipse.epsilon.eunit.EUnitModule.runSuite[EUnitModule.java:165]&#13;
	at org.eclipse.epsilon.eunit.EUnitModule.execute[EUnitModule.java:126]&#13;
	at org.eclipse.epsilon.workflow.tasks.ExecutableModuleTask.executeImpl[ExecutableModuleTask.java:193]&#13;
	at org.eclipse.epsilon.workflow.tasks.EpsilonTask.execute[EpsilonTask.java:42]&#13;
	at org.apache.tools.ant.UnknownElement.execute[UnknownElement.java:291]&#13;
	at sun.reflect.NativeMethodAccessorImpl.invoke0[Native Method]&#13;
	at sun.reflect.NativeMethodAccessorImpl.invoke[NativeMethodAccessorImpl.java:39]&#13;
	at sun.reflect.DelegatingMethodAccessorImpl.invoke[DelegatingMethodAccessorImpl.java:25]&#13;
	at java.lang.reflect.Method.invoke[Method.java:597]&#13;
	at org.apache.tools.ant.dispatch.DispatchUtils.execute[DispatchUtils.java:106]&#13;
	at org.apache.tools.ant.Task.perform[Task.java:348]&#13;
	at org.apache.tools.ant.Target.execute[Target.java:392]&#13;
	at org.apache.tools.ant.Target.performTasks[Target.java:413]&#13;
	at org.apache.tools.ant.Project.executeSortedTargets[Project.java:1399]&#13;
	at org.apache.tools.ant.Project.executeTarget[Project.java:1368]&#13;
	at org.apache.tools.ant.helper.DefaultExecutor.executeTargets[DefaultExecutor.java:41]&#13;
	at org.eclipse.ant.internal.core.ant.EclipseDefaultExecutor.executeTargets[EclipseDefaultExecutor.java:32]&#13;
	at org.apache.tools.ant.Project.executeTargets[Project.java:1251]&#13;
	at org.eclipse.ant.internal.core.ant.InternalAntRunner.run[InternalAntRunner.java:672]&#13;
	at org.eclipse.ant.internal.core.ant.InternalAntRunner.run[InternalAntRunner.java:498]&#13;
	at sun.reflect.NativeMethodAccessorImpl.invoke0[Native Method]&#13;
	at sun.reflect.NativeMethodAccessorImpl.invoke[NativeMethodAccessorImpl.java:39]&#13;
	at sun.reflect.DelegatingMethodAccessorImpl.invoke[DelegatingMethodAccessorImpl.java:25]&#13;
	at java.lang.reflect.Method.invoke[Method.java:597]&#13;
	at org.eclipse.ant.core.AntRunner.run[AntRunner.java:378]&#13;
	at org.eclipse.ant.internal.launching.launchConfigurations.AntLaunchDelegate$1.run[AntLaunchDelegate.java:298]&#13;
	at java.lang.Thread.run[Thread.java:619]&#13;
Caused by: No lines contained a match for 'PaquetePruebas_metodoSinTipoConParam [ int a]' [C:\Users\Patricia\Documents\UNIVERSIDAD\PFC\Eclipse_1\TestGraphProductLine\src\test.eunit@128:4]&#13;
	... 51 more&#13;
 (C:\Users\Patricia\Documents\UNIVERSIDAD\PFC\Eclipse_1\TestGraphProductLine\src\test.eunit@128:4)&#13;
	at org.eclipse.epsilon.eunit.operations.ExtraEUnitOperationContributor.assertLineMatchingPredicate(ExtraEUnitOperationContributor.java:145)&#13;
	at org.eclipse.epsilon.eunit.operations.ExtraEUnitOperationContributor.assertLineWithMatch(ExtraEUnitOperationContributor.java:123)&#13;
	at org.eclipse.epsilon.eunit.operations.ExtraEUnitOperationContributor.assertLineWithMatch(ExtraEUnitOperationContributor.java:116)&#13;
	at sun.reflect.GeneratedMethodAccessor485.invoke(Unknown Source)&#13;
	at sun.reflect.DelegatingMethodAccessorImpl.invoke(DelegatingMethodAccessorImpl.java:25)&#13;
	at java.lang.reflect.Method.invoke(Method.java:597)&#13;
	at org.eclipse.epsilon.eol.util.ReflectionUtil.executeMethod(ReflectionUtil.java:175)&#13;
	at org.eclipse.epsilon.eol.util.ReflectionUtil.executeMethod(ReflectionUtil.java:157)&#13;
	at org.eclipse.epsilon.eol.execute.PointExecutor.executeOperation(PointExecutor.java:154)&#13;
	at org.eclipse.epsilon.eol.execute.PointExecutor.execute(PointExecutor.java:75)&#13;
	at org.eclipse.epsilon.eol.execute.ContextlessOperationExecutor.execute(ContextlessOperationExecutor.java:27)&#13;
	at org.eclipse.epsilon.eol.execute.NameExecutor.execute(NameExecutor.java:38)&#13;
	at org.eclipse.epsilon.eol.execute.NameExecutor.execute(NameExecutor.java:97)&#13;
	at org.eclipse.epsilon.eol.execute.ExecutorFactory.executeAST(ExecutorFactory.java:226)&#13;
	at org.eclipse.epsilon.eol.execute.ExecutorFactory.executeAST(ExecutorFactory.java:196)&#13;
	at org.eclipse.epsilon.eol.execute.StatementBlockExecutor.execute(StatementBlockExecutor.java:26)&#13;
	at org.eclipse.epsilon.eol.execute.ExecutorFactory.executeAST(ExecutorFactory.java:226)&#13;
	at org.eclipse.epsilon.eol.EolOperation.executeBody(EolOperation.java:276)&#13;
	at org.eclipse.epsilon.eol.EolOperation.execute(EolOperation.java:248)&#13;
	at org.eclipse.epsilon.eunit.EUnitModule.runLeafTestCase(EUnitModule.java:414)&#13;
	at org.eclipse.epsilon.eunit.EUnitModule.runSuiteInternal(EUnitModule.java:342)&#13;
	at org.eclipse.epsilon.eunit.EUnitModule.runSuite(EUnitModule.java:165)&#13;
	at org.eclipse.epsilon.eunit.EUnitModule.runInnerTestCase(EUnitModule.java:369)&#13;
	at org.eclipse.epsilon.eunit.EUnitModule.runSuiteInternal(EUnitModule.java:344)&#13;
	at org.eclipse.epsilon.eunit.EUnitModule.runSuite(EUnitModule.java:165)&#13;
	at org.eclipse.epsilon.eunit.EUnitModule.execute(EUnitModule.java:126)&#13;
	at org.eclipse.epsilon.workflow.tasks.ExecutableModuleTask.executeImpl(ExecutableModuleTask.java:193)&#13;
	at org.eclipse.epsilon.workflow.tasks.EpsilonTask.execute(EpsilonTask.java:42)&#13;
	at org.apache.tools.ant.UnknownElement.execute(UnknownElement.java:291)&#13;
	at sun.reflect.NativeMethodAccessorImpl.invoke0(Native Method)&#13;
	at sun.reflect.NativeMethodAccessorImpl.invoke(NativeMethodAccessorImpl.java:39)&#13;
	at sun.reflect.DelegatingMethodAccessorImpl.invoke(DelegatingMethodAccessorImpl.java:25)&#13;
	at java.lang.reflect.Method.invoke(Method.java:597)&#13;
	at org.apache.tools.ant.dispatch.DispatchUtils.execute(DispatchUtils.java:106)&#13;
	at org.apache.tools.ant.Task.perform(Task.java:348)&#13;
	at org.apache.tools.ant.Target.execute(Target.java:392)&#13;
	at org.apache.tools.ant.Target.performTasks(Target.java:413)&#13;
	at org.apache.tools.ant.Project.executeSortedTargets(Project.java:1399)&#13;
	at org.apache.tools.ant.Project.executeTarget(Project.java:1368)&#13;
	at org.apache.tools.ant.helper.DefaultExecutor.executeTargets(DefaultExecutor.java:41)&#13;
	at org.eclipse.ant.internal.core.ant.EclipseDefaultExecutor.executeTargets(EclipseDefaultExecutor.java:32)&#13;
	at org.apache.tools.ant.Project.executeTargets(Project.java:1251)&#13;
	at org.eclipse.ant.internal.core.ant.InternalAntRunner.run(InternalAntRunner.java:672)&#13;
	at org.eclipse.ant.internal.core.ant.InternalAntRunner.run(InternalAntRunner.java:498)&#13;
	at sun.reflect.NativeMethodAccessorImpl.invoke0(Native Method)&#13;
	at sun.reflect.NativeMethodAccessorImpl.invoke(NativeMethodAccessorImpl.java:39)&#13;
	at sun.reflect.DelegatingMethodAccessorImpl.invoke(DelegatingMethodAccessorImpl.java:25)&#13;
	at java.lang.reflect.Method.invoke(Method.java:597)&#13;
	at org.eclipse.ant.core.AntRunner.run(AntRunner.java:378)&#13;
	at org.eclipse.ant.internal.launching.launchConfigurations.AntLaunchDelegate$1.run(AntLaunchDelegate.java:298)&#13;
	at java.lang.Thread.run(Thread.java:619)&#13;
Caused by: Internal error: No lines contained a match for 'PaquetePruebas_metodoSinTipoConParam [ int a]' [C:\Users\Patricia\Documents\UNIVERSIDAD\PFC\Eclipse_1\TestGraphProductLine\src\test.eunit@128:4]&#13;
	at org.eclipse.epsilon.eunit.operations.ExtraEUnitOperationContributor.assertLineMatchingPredicate[ExtraEUnitOperationContributor.java:145]&#13;
	at org.eclipse.epsilon.eunit.operations.ExtraEUnitOperationContributor.assertLineWithMatch[ExtraEUnitOperationContributor.java:123]&#13;
	at org.eclipse.epsilon.eunit.operations.ExtraEUnitOperationContributor.assertLineWithMatch[ExtraEUnitOperationContributor.java:116]&#13;
	at sun.reflect.GeneratedMethodAccessor485.invoke[Unknown Source]&#13;
	at sun.reflect.DelegatingMethodAccessorImpl.invoke[DelegatingMethodAccessorImpl.java:25]&#13;
	at java.lang.reflect.Method.invoke[Method.java:597]&#13;
	at org.eclipse.epsilon.eol.util.ReflectionUtil.executeMethod[ReflectionUtil.java:175]&#13;
	at org.eclipse.epsilon.eol.util.ReflectionUtil.executeMethod[ReflectionUtil.java:157]&#13;
	at org.eclipse.epsilon.eol.execute.PointExecutor.executeOperation[PointExecutor.java:154]&#13;
	at org.eclipse.epsilon.eol.execute.PointExecutor.execute[PointExecutor.java:75]&#13;
	at org.eclipse.epsilon.eol.execute.ContextlessOperationExecutor.execute[ContextlessOperationExecutor.java:27]&#13;
	at org.eclipse.epsilon.eol.execute.NameExecutor.execute[NameExecutor.java:38]&#13;
	at org.eclipse.epsilon.eol.execute.NameExecutor.execute[NameExecutor.java:97]&#13;
	at org.eclipse.epsilon.eol.execute.ExecutorFactory.executeAST[ExecutorFactory.java:226]&#13;
	at org.eclipse.epsilon.eol.execute.ExecutorFactory.executeAST[ExecutorFactory.java:196]&#13;
	at org.eclipse.epsilon.eol.execute.StatementBlockExecutor.execute[StatementBlockExecutor.java:26]&#13;
	at org.eclipse.epsilon.eol.execute.ExecutorFactory.executeAST[ExecutorFactory.java:226]&#13;
	at org.eclipse.epsilon.eol.EolOperation.executeBody[EolOperation.java:276]&#13;
	at org.eclipse.epsilon.eol.EolOperation.execute[EolOperation.java:248]&#13;
	at org.eclipse.epsilon.eunit.EUnitModule.runLeafTestCase[EUnitModule.java:414]&#13;
	at org.eclipse.epsilon.eunit.EUnitModule.runSuiteInternal[EUnitModule.java:342]&#13;
	at org.eclipse.epsilon.eunit.EUnitModule.runSuite[EUnitModule.java:165]&#13;
	at org.eclipse.epsilon.eunit.EUnitModule.runInnerTestCase[EUnitModule.java:369]&#13;
	at org.eclipse.epsilon.eunit.EUnitModule.runSuiteInternal[EUnitModule.java:344]&#13;
	at org.eclipse.epsilon.eunit.EUnitModule.runSuite[EUnitModule.java:165]&#13;
	at org.eclipse.epsilon.eunit.EUnitModule.execute[EUnitModule.java:126]&#13;
	at org.eclipse.epsilon.workflow.tasks.ExecutableModuleTask.executeImpl[ExecutableModuleTask.java:193]&#13;
	at org.eclipse.epsilon.workflow.tasks.EpsilonTask.execute[EpsilonTask.java:42]&#13;
	at org.apache.tools.ant.UnknownElement.execute[UnknownElement.java:291]&#13;
	at sun.reflect.NativeMethodAccessorImpl.invoke0[Native Method]&#13;
	at sun.reflect.NativeMethodAccessorImpl.invoke[NativeMethodAccessorImpl.java:39]&#13;
	at sun.reflect.DelegatingMethodAccessorImpl.invoke[DelegatingMethodAccessorImpl.java:25]&#13;
	at java.lang.reflect.Method.invoke[Method.java:597]&#13;
	at org.apache.tools.ant.dispatch.DispatchUtils.execute[DispatchUtils.java:106]&#13;
	at org.apache.tools.ant.Task.perform[Task.java:348]&#13;
	at org.apache.tools.ant.Target.execute[Target.java:392]&#13;
	at org.apache.tools.ant.Target.performTasks[Target.java:413]&#13;
	at org.apache.tools.ant.Project.executeSortedTargets[Project.java:1399]&#13;
	at org.apache.tools.ant.Project.executeTarget[Project.java:1368]&#13;
	at org.apache.tools.ant.helper.DefaultExecutor.executeTargets[DefaultExecutor.java:41]&#13;
	at org.eclipse.ant.internal.core.ant.EclipseDefaultExecutor.executeTargets[EclipseDefaultExecutor.java:32]&#13;
	at org.apache.tools.ant.Project.executeTargets[Project.java:1251]&#13;
	at org.eclipse.ant.internal.core.ant.InternalAntRunner.run[InternalAntRunner.java:672]&#13;
	at org.eclipse.ant.internal.core.ant.InternalAntRunner.run[InternalAntRunner.java:498]&#13;
	at sun.reflect.NativeMethodAccessorImpl.invoke0[Native Method]&#13;
	at sun.reflect.NativeMethodAccessorImpl.invoke[NativeMethodAccessorImpl.java:39]&#13;
	at sun.reflect.DelegatingMethodAccessorImpl.invoke[DelegatingMethodAccessorImpl.java:25]&#13;
	at java.lang.reflect.Method.invoke[Method.java:597]&#13;
	at org.eclipse.ant.core.AntRunner.run[AntRunner.java:378]&#13;
	at org.eclipse.ant.internal.launching.launchConfigurations.AntLaunchDelegate$1.run[AntLaunchDelegate.java:298]&#13;
	at java.lang.Thread.run[Thread.java:619]&#13;
&#13;
	... 51 more&#13;
Caused by: No lines contained a match for 'PaquetePruebas_metodoSinTipoConParam [ int a]' (C:\Users\Patricia\Documents\UNIVERSIDAD\PFC\Eclipse_1\TestGraphProductLine\src\test.eunit@128:4)&#13;
	... 51 more&#13;
</failure></testcase><testcase classname="default.test" name="methodVoidWithoutParams" time="0.00200000"/><testcase classname="default.test" name="methodVoidWithParams" time="0.00100000"/><testcase classname="default.test" name="methodReturnPrimitiveTypeWithParams" time="0.00200000"/><testcase classname="default.test" name="methodReturnCollectionWithoutParams" time="0.00200000"/><testcase classname="default.test" name="methodReturnCollectionWithParams" time="0.00100000"/><testcase classname="default.test" name="staticMethod" time="0.00100000"/><testcase classname="default.test" name="abstractMethod" time="0.00100000"/><testcase classname="default.test" name="parameterWithoutName" time="0.00100000"/><testcase classname="default.test" name="simpleHierarchy" time="0.00100000"/><testcase classname="default.test" name="thowsExceptions" time="0.00200000"/><system-out>Test classWithNameAndWithoutType {} passed [cpu: 0 ms, wallclock: 5 ms]&#13;
Test classTypeAbstract {} passed [cpu: 0 ms, wallclock: 1 ms]&#13;
Test classHierarchyOneOrManyClasses {} passed [cpu: 15 ms, wallclock: 1 ms]&#13;
Test classHierarchyClassesAndInterfaces {} passed [cpu: 0 ms, wallclock: 1 ms]&#13;
Test classWithoutProperties {} passed [cpu: 15 ms, wallclock: 37 ms]&#13;
Test classWithoutMethods {} passed [cpu: 15 ms, wallclock: 16 ms]&#13;
Test classWithoutPropertiesNorMethods {} passed [cpu: 15 ms, wallclock: 14 ms]&#13;
Test classWithProperties {} passed [cpu: 31 ms, wallclock: 18 ms]&#13;
Test classWithMethods {} passed [cpu: 15 ms, wallclock: 17 ms]&#13;
Test classWithPropertiesAndMethods {} passed [cpu: 15 ms, wallclock: 27 ms]&#13;
Test packageWithName {} passed [cpu: 62 ms, wallclock: 64 ms]&#13;
Test packageWithClassesAndInterfaces {} passed [cpu: 343 ms, wallclock: 355 ms]&#13;
Test emptyPackage {} passed [cpu: 0 ms, wallclock: 1 ms]&#13;
Test packageInsideOtherPackage {} passed [cpu: 46 ms, wallclock: 44 ms]&#13;
Test interfaceWithName {} passed [cpu: 15 ms, wallclock: 9 ms]&#13;
Test interfaceWithMethods {} passed [cpu: 15 ms, wallclock: 16 ms]&#13;
Test interfaceWithoutMethods {} passed [cpu: 15 ms, wallclock: 14 ms]&#13;
Test propertyWithName {} passed [cpu: 0 ms, wallclock: 1 ms]&#13;
Test propertyWithoutName {} passed [cpu: 0 ms, wallclock: 1 ms]&#13;
Test staticProperty {} passed [cpu: 0 ms, wallclock: 1 ms]&#13;
Test collectionProperty {} passed [cpu: 0 ms, wallclock: 2 ms]&#13;
Test propertyIsObject {} passed [cpu: 0 ms, wallclock: 1 ms]&#13;
Test bidirectionalRelation {} passed [cpu: 15 ms, wallclock: 1 ms]&#13;
Test methodWithName {} passed [cpu: 0 ms, wallclock: 1 ms]&#13;
Test methodWithoutName {} passed [cpu: 0 ms, wallclock: 1 ms]&#13;
Test methodWithoutTypeAndWithoutParams {} passed [cpu: 0 ms, wallclock: 1 ms]&#13;
Test methodVoidWithoutParams {} passed [cpu: 0 ms, wallclock: 2 ms]&#13;
Test methodVoidWithParams {} passed [cpu: 0 ms, wallclock: 1 ms]&#13;
Test methodReturnPrimitiveTypeWithParams {} passed [cpu: 0 ms, wallclock: 2 ms]&#13;
Test methodReturnCollectionWithoutParams {} passed [cpu: 0 ms, wallclock: 2 ms]&#13;
Test methodReturnCollectionWithParams {} passed [cpu: 0 ms, wallclock: 1 ms]&#13;
Test staticMethod {} passed [cpu: 0 ms, wallclock: 1 ms]&#13;
Test abstractMethod {} passed [cpu: 0 ms, wallclock: 1 ms]&#13;
Test parameterWithoutName {} passed [cpu: 15 ms, wallclock: 1 ms]&#13;
Test simpleHierarchy {} passed [cpu: 0 ms, wallclock: 1 ms]&#13;
Test thowsExceptions {} passed [cpu: 0 ms, wallclock: 2 ms]&#13;
</system-out><system-err>Test methodWithoutTypeAndWithParams {} failed with status FAILURE: Internal error: Internal error: No lines contained a match for 'PaquetePruebas_metodoSinTipoConParam [ int a]' [C:\Users\Patricia\Documents\UNIVERSIDAD\PFC\Eclipse_1\TestGraphProductLine\src\test.eunit@128:4]&#13;
	at org.eclipse.epsilon.eunit.operations.ExtraEUnitOperationContributor.assertLineMatchingPredicate[ExtraEUnitOperationContributor.java:145]&#13;
	at org.eclipse.epsilon.eunit.operations.ExtraEUnitOperationContributor.assertLineWithMatch[ExtraEUnitOperationContributor.java:123]&#13;
	at org.eclipse.epsilon.eunit.operations.ExtraEUnitOperationContributor.assertLineWithMatch[ExtraEUnitOperationContributor.java:116]&#13;
	at sun.reflect.GeneratedMethodAccessor485.invoke[Unknown Source]&#13;
	at sun.reflect.DelegatingMethodAccessorImpl.invoke[DelegatingMethodAccessorImpl.java:25]&#13;
	at java.lang.reflect.Method.invoke[Method.java:597]&#13;
	at org.eclipse.epsilon.eol.util.ReflectionUtil.executeMethod[ReflectionUtil.java:175]&#13;
	at org.eclipse.epsilon.eol.util.ReflectionUtil.executeMethod[ReflectionUtil.java:157]&#13;
	at org.eclipse.epsilon.eol.execute.PointExecutor.executeOperation[PointExecutor.java:154]&#13;
	at org.eclipse.epsilon.eol.execute.PointExecutor.execute[PointExecutor.java:75]&#13;
	at org.eclipse.epsilon.eol.execute.ContextlessOperationExecutor.execute[ContextlessOperationExecutor.java:27]&#13;
	at org.eclipse.epsilon.eol.execute.NameExecutor.execute[NameExecutor.java:38]&#13;
	at org.eclipse.epsilon.eol.execute.NameExecutor.execute[NameExecutor.java:97]&#13;
	at org.eclipse.epsilon.eol.execute.ExecutorFactory.executeAST[ExecutorFactory.java:226]&#13;
	at org.eclipse.epsilon.eol.execute.ExecutorFactory.executeAST[ExecutorFactory.java:196]&#13;
	at org.eclipse.epsilon.eol.execute.StatementBlockExecutor.execute[StatementBlockExecutor.java:26]&#13;
	at org.eclipse.epsilon.eol.execute.ExecutorFactory.executeAST[ExecutorFactory.java:226]&#13;
	at org.eclipse.epsilon.eol.EolOperation.executeBody[EolOperation.java:276]&#13;
	at org.eclipse.epsilon.eol.EolOperation.execute[EolOperation.java:248]&#13;
	at org.eclipse.epsilon.eunit.EUnitModule.runLeafTestCase[EUnitModule.java:414]&#13;
	at org.eclipse.epsilon.eunit.EUnitModule.runSuiteInternal[EUnitModule.java:342]&#13;
	at org.eclipse.epsilon.eunit.EUnitModule.runSuite[EUnitModule.java:165]&#13;
	at org.eclipse.epsilon.eunit.EUnitModule.runInnerTestCase[EUnitModule.java:369]&#13;
	at org.eclipse.epsilon.eunit.EUnitModule.runSuiteInternal[EUnitModule.java:344]&#13;
	at org.eclipse.epsilon.eunit.EUnitModule.runSuite[EUnitModule.java:165]&#13;
	at org.eclipse.epsilon.eunit.EUnitModule.execute[EUnitModule.java:126]&#13;
	at org.eclipse.epsilon.workflow.tasks.ExecutableModuleTask.executeImpl[ExecutableModuleTask.java:193]&#13;
	at org.eclipse.epsilon.workflow.tasks.EpsilonTask.execute[EpsilonTask.java:42]&#13;
	at org.apache.tools.ant.UnknownElement.execute[UnknownElement.java:291]&#13;
	at sun.reflect.NativeMethodAccessorImpl.invoke0[Native Method]&#13;
	at sun.reflect.NativeMethodAccessorImpl.invoke[NativeMethodAccessorImpl.java:39]&#13;
	at sun.reflect.DelegatingMethodAccessorImpl.invoke[DelegatingMethodAccessorImpl.java:25]&#13;
	at java.lang.reflect.Method.invoke[Method.java:597]&#13;
	at org.apache.tools.ant.dispatch.DispatchUtils.execute[DispatchUtils.java:106]&#13;
	at org.apache.tools.ant.Task.perform[Task.java:348]&#13;
	at org.apache.tools.ant.Target.execute[Target.java:392]&#13;
	at org.apache.tools.ant.Target.performTasks[Target.java:413]&#13;
	at org.apache.tools.ant.Project.executeSortedTargets[Project.java:1399]&#13;
	at org.apache.tools.ant.Project.executeTarget[Project.java:1368]&#13;
	at org.apache.tools.ant.helper.DefaultExecutor.executeTargets[DefaultExecutor.java:41]&#13;
	at org.eclipse.ant.internal.core.ant.EclipseDefaultExecutor.executeTargets[EclipseDefaultExecutor.java:32]&#13;
	at org.apache.tools.ant.Project.executeTargets[Project.java:1251]&#13;
	at org.eclipse.ant.internal.core.ant.InternalAntRunner.run[InternalAntRunner.java:672]&#13;
	at org.eclipse.ant.internal.core.ant.InternalAntRunner.run[InternalAntRunner.java:498]&#13;
	at sun.reflect.NativeMethodAccessorImpl.invoke0[Native Method]&#13;
	at sun.reflect.NativeMethodAccessorImpl.invoke[NativeMethodAccessorImpl.java:39]&#13;
	at sun.reflect.DelegatingMethodAccessorImpl.invoke[DelegatingMethodAccessorImpl.java:25]&#13;
	at java.lang.reflect.Method.invoke[Method.java:597]&#13;
	at org.eclipse.ant.core.AntRunner.run[AntRunner.java:378]&#13;
	at org.eclipse.ant.internal.launching.launchConfigurations.AntLaunchDelegate$1.run[AntLaunchDelegate.java:298]&#13;
	at java.lang.Thread.run[Thread.java:619]&#13;
&#13;
	at org.eclipse.epsilon.eunit.operations.ExtraEUnitOperationContributor.assertLineMatchingPredicate[ExtraEUnitOperationContributor.java:145]&#13;
	at org.eclipse.epsilon.eunit.operations.ExtraEUnitOperationContributor.assertLineWithMatch[ExtraEUnitOperationContributor.java:123]&#13;
	at org.eclipse.epsilon.eunit.operations.ExtraEUnitOperationContributor.assertLineWithMatch[ExtraEUnitOperationContributor.java:116]&#13;
	at sun.reflect.GeneratedMethodAccessor485.invoke[Unknown Source]&#13;
	at sun.reflect.DelegatingMethodAccessorImpl.invoke[DelegatingMethodAccessorImpl.java:25]&#13;
	at java.lang.reflect.Method.invoke[Method.java:597]&#13;
	at org.eclipse.epsilon.eol.util.ReflectionUtil.executeMethod[ReflectionUtil.java:175]&#13;
	at org.eclipse.epsilon.eol.util.ReflectionUtil.executeMethod[ReflectionUtil.java:157]&#13;
	at org.eclipse.epsilon.eol.execute.PointExecutor.executeOperation[PointExecutor.java:154]&#13;
	at org.eclipse.epsilon.eol.execute.PointExecutor.execute[PointExecutor.java:75]&#13;
	at org.eclipse.epsilon.eol.execute.ContextlessOperationExecutor.execute[ContextlessOperationExecutor.java:27]&#13;
	at org.eclipse.epsilon.eol.execute.NameExecutor.execute[NameExecutor.java:38]&#13;
	at org.eclipse.epsilon.eol.execute.NameExecutor.execute[NameExecutor.java:97]&#13;
	at org.eclipse.epsilon.eol.execute.ExecutorFactory.executeAST[ExecutorFactory.java:226]&#13;
	at org.eclipse.epsilon.eol.execute.ExecutorFactory.executeAST[ExecutorFactory.java:196]&#13;
	at org.eclipse.epsilon.eol.execute.StatementBlockExecutor.execute[StatementBlockExecutor.java:26]&#13;
	at org.eclipse.epsilon.eol.execute.ExecutorFactory.executeAST[ExecutorFactory.java:226]&#13;
	at org.eclipse.epsilon.eol.EolOperation.executeBody[EolOperation.java:276]&#13;
	at org.eclipse.epsilon.eol.EolOperation.execute[EolOperation.java:248]&#13;
	at org.eclipse.epsilon.eunit.EUnitModule.runLeafTestCase[EUnitModule.java:414]&#13;
	at org.eclipse.epsilon.eunit.EUnitModule.runSuiteInternal[EUnitModule.java:342]&#13;
	at org.eclipse.epsilon.eunit.EUnitModule.runSuite[EUnitModule.java:165]&#13;
	at org.eclipse.epsilon.eunit.EUnitModule.runInnerTestCase[EUnitModule.java:369]&#13;
	at org.eclipse.epsilon.eunit.EUnitModule.runSuiteInternal[EUnitModule.java:344]&#13;
	at org.eclipse.epsilon.eunit.EUnitModule.runSuite[EUnitModule.java:165]&#13;
	at org.eclipse.epsilon.eunit.EUnitModule.execute[EUnitModule.java:126]&#13;
	at org.eclipse.epsilon.workflow.tasks.ExecutableModuleTask.executeImpl[ExecutableModuleTask.java:193]&#13;
	at org.eclipse.epsilon.workflow.tasks.EpsilonTask.execute[EpsilonTask.java:42]&#13;
	at org.apache.tools.ant.UnknownElement.execute[UnknownElement.java:291]&#13;
	at sun.reflect.NativeMethodAccessorImpl.invoke0[Native Method]&#13;
	at sun.reflect.NativeMethodAccessorImpl.invoke[NativeMethodAccessorImpl.java:39]&#13;
	at sun.reflect.DelegatingMethodAccessorImpl.invoke[DelegatingMethodAccessorImpl.java:25]&#13;
	at java.lang.reflect.Method.invoke[Method.java:597]&#13;
	at org.apache.tools.ant.dispatch.DispatchUtils.execute[DispatchUtils.java:106]&#13;
	at org.apache.tools.ant.Task.perform[Task.java:348]&#13;
	at org.apache.tools.ant.Target.execute[Target.java:392]&#13;
	at org.apache.tools.ant.Target.performTasks[Target.java:413]&#13;
	at org.apache.tools.ant.Project.executeSortedTargets[Project.java:1399]&#13;
	at org.apache.tools.ant.Project.executeTarget[Project.java:1368]&#13;
	at org.apache.tools.ant.helper.DefaultExecutor.executeTargets[DefaultExecutor.java:41]&#13;
	at org.eclipse.ant.internal.core.ant.EclipseDefaultExecutor.executeTargets[EclipseDefaultExecutor.java:32]&#13;
	at org.apache.tools.ant.Project.executeTargets[Project.java:1251]&#13;
	at org.eclipse.ant.internal.core.ant.InternalAntRunner.run[InternalAntRunner.java:672]&#13;
	at org.eclipse.ant.internal.core.ant.InternalAntRunner.run[InternalAntRunner.java:498]&#13;
	at sun.reflect.NativeMethodAccessorImpl.invoke0[Native Method]&#13;
	at sun.reflect.NativeMethodAccessorImpl.invoke[NativeMethodAccessorImpl.java:39]&#13;
	at sun.reflect.DelegatingMethodAccessorImpl.invoke[DelegatingMethodAccessorImpl.java:25]&#13;
	at java.lang.reflect.Method.invoke[Method.java:597]&#13;
	at org.eclipse.ant.core.AntRunner.run[AntRunner.java:378]&#13;
	at org.eclipse.ant.internal.launching.launchConfigurations.AntLaunchDelegate$1.run[AntLaunchDelegate.java:298]&#13;
	at java.lang.Thread.run[Thread.java:619]&#13;
Caused by: No lines contained a match for 'PaquetePruebas_metodoSinTipoConParam [ int a]' [C:\Users\Patricia\Documents\UNIVERSIDAD\PFC\Eclipse_1\TestGraphProductLine\src\test.eunit@128:4]&#13;
	... 51 more&#13;
 (C:\Users\Patricia\Documents\UNIVERSIDAD\PFC\Eclipse_1\TestGraphProductLine\src\test.eunit@128:4)&#13;
Test root {} failed with status FAILURE: Internal error: Internal error: No lines contained a match for 'PaquetePruebas_metodoSinTipoConParam [ int a]' [C:\Users\Patricia\Documents\UNIVERSIDAD\PFC\Eclipse_1\TestGraphProductLine\src\test.eunit@128:4]&#13;
	at org.eclipse.epsilon.eunit.operations.ExtraEUnitOperationContributor.assertLineMatchingPredicate[ExtraEUnitOperationContributor.java:145]&#13;
	at org.eclipse.epsilon.eunit.operations.ExtraEUnitOperationContributor.assertLineWithMatch[ExtraEUnitOperationContributor.java:123]&#13;
	at org.eclipse.epsilon.eunit.operations.ExtraEUnitOperationContributor.assertLineWithMatch[ExtraEUnitOperationContributor.java:116]&#13;
	at sun.reflect.GeneratedMethodAccessor485.invoke[Unknown Source]&#13;
	at sun.reflect.DelegatingMethodAccessorImpl.invoke[DelegatingMethodAccessorImpl.java:25]&#13;
	at java.lang.reflect.Method.invoke[Method.java:597]&#13;
	at org.eclipse.epsilon.eol.util.ReflectionUtil.executeMethod[ReflectionUtil.java:175]&#13;
	at org.eclipse.epsilon.eol.util.ReflectionUtil.executeMethod[ReflectionUtil.java:157]&#13;
	at org.eclipse.epsilon.eol.execute.PointExecutor.executeOperation[PointExecutor.java:154]&#13;
	at org.eclipse.epsilon.eol.execute.PointExecutor.execute[PointExecutor.java:75]&#13;
	at org.eclipse.epsilon.eol.execute.ContextlessOperationExecutor.execute[ContextlessOperationExecutor.java:27]&#13;
	at org.eclipse.epsilon.eol.execute.NameExecutor.execute[NameExecutor.java:38]&#13;
	at org.eclipse.epsilon.eol.execute.NameExecutor.execute[NameExecutor.java:97]&#13;
	at org.eclipse.epsilon.eol.execute.ExecutorFactory.executeAST[ExecutorFactory.java:226]&#13;
	at org.eclipse.epsilon.eol.execute.ExecutorFactory.executeAST[ExecutorFactory.java:196]&#13;
	at org.eclipse.epsilon.eol.execute.StatementBlockExecutor.execute[StatementBlockExecutor.java:26]&#13;
	at org.eclipse.epsilon.eol.execute.ExecutorFactory.executeAST[ExecutorFactory.java:226]&#13;
	at org.eclipse.epsilon.eol.EolOperation.executeBody[EolOperation.java:276]&#13;
	at org.eclipse.epsilon.eol.EolOperation.execute[EolOperation.java:248]&#13;
	at org.eclipse.epsilon.eunit.EUnitModule.runLeafTestCase[EUnitModule.java:414]&#13;
	at org.eclipse.epsilon.eunit.EUnitModule.runSuiteInternal[EUnitModule.java:342]&#13;
	at org.eclipse.epsilon.eunit.EUnitModule.runSuite[EUnitModule.java:165]&#13;
	at org.eclipse.epsilon.eunit.EUnitModule.runInnerTestCase[EUnitModule.java:369]&#13;
	at org.eclipse.epsilon.eunit.EUnitModule.runSuiteInternal[EUnitModule.java:344]&#13;
	at org.eclipse.epsilon.eunit.EUnitModule.runSuite[EUnitModule.java:165]&#13;
	at org.eclipse.epsilon.eunit.EUnitModule.execute[EUnitModule.java:126]&#13;
	at org.eclipse.epsilon.workflow.tasks.ExecutableModuleTask.executeImpl[ExecutableModuleTask.java:193]&#13;
	at org.eclipse.epsilon.workflow.tasks.EpsilonTask.execute[EpsilonTask.java:42]&#13;
	at org.apache.tools.ant.UnknownElement.execute[UnknownElement.java:291]&#13;
	at sun.reflect.NativeMethodAccessorImpl.invoke0[Native Method]&#13;
	at sun.reflect.NativeMethodAccessorImpl.invoke[NativeMethodAccessorImpl.java:39]&#13;
	at sun.reflect.DelegatingMethodAccessorImpl.invoke[DelegatingMethodAccessorImpl.java:25]&#13;
	at java.lang.reflect.Method.invoke[Method.java:597]&#13;
	at org.apache.tools.ant.dispatch.DispatchUtils.execute[DispatchUtils.java:106]&#13;
	at org.apache.tools.ant.Task.perform[Task.java:348]&#13;
	at org.apache.tools.ant.Target.execute[Target.java:392]&#13;
	at org.apache.tools.ant.Target.performTasks[Target.java:413]&#13;
	at org.apache.tools.ant.Project.executeSortedTargets[Project.java:1399]&#13;
	at org.apache.tools.ant.Project.executeTarget[Project.java:1368]&#13;
	at org.apache.tools.ant.helper.DefaultExecutor.executeTargets[DefaultExecutor.java:41]&#13;
	at org.eclipse.ant.internal.core.ant.EclipseDefaultExecutor.executeTargets[EclipseDefaultExecutor.java:32]&#13;
	at org.apache.tools.ant.Project.executeTargets[Project.java:1251]&#13;
	at org.eclipse.ant.internal.core.ant.InternalAntRunner.run[InternalAntRunner.java:672]&#13;
	at org.eclipse.ant.internal.core.ant.InternalAntRunner.run[InternalAntRunner.java:498]&#13;
	at sun.reflect.NativeMethodAccessorImpl.invoke0[Native Method]&#13;
	at sun.reflect.NativeMethodAccessorImpl.invoke[NativeMethodAccessorImpl.java:39]&#13;
	at sun.reflect.DelegatingMethodAccessorImpl.invoke[DelegatingMethodAccessorImpl.java:25]&#13;
	at java.lang.reflect.Method.invoke[Method.java:597]&#13;
	at org.eclipse.ant.core.AntRunner.run[AntRunner.java:378]&#13;
	at org.eclipse.ant.internal.launching.launchConfigurations.AntLaunchDelegate$1.run[AntLaunchDelegate.java:298]&#13;
	at java.lang.Thread.run[Thread.java:619]&#13;
&#13;
	at org.eclipse.epsilon.eunit.operations.ExtraEUnitOperationContributor.assertLineMatchingPredicate[ExtraEUnitOperationContributor.java:145]&#13;
	at org.eclipse.epsilon.eunit.operations.ExtraEUnitOperationContributor.assertLineWithMatch[ExtraEUnitOperationContributor.java:123]&#13;
	at org.eclipse.epsilon.eunit.operations.ExtraEUnitOperationContributor.assertLineWithMatch[ExtraEUnitOperationContributor.java:116]&#13;
	at sun.reflect.GeneratedMethodAccessor485.invoke[Unknown Source]&#13;
	at sun.reflect.DelegatingMethodAccessorImpl.invoke[DelegatingMethodAccessorImpl.java:25]&#13;
	at java.lang.reflect.Method.invoke[Method.java:597]&#13;
	at org.eclipse.epsilon.eol.util.ReflectionUtil.executeMethod[ReflectionUtil.java:175]&#13;
	at org.eclipse.epsilon.eol.util.ReflectionUtil.executeMethod[ReflectionUtil.java:157]&#13;
	at org.eclipse.epsilon.eol.execute.PointExecutor.executeOperation[PointExecutor.java:154]&#13;
	at org.eclipse.epsilon.eol.execute.PointExecutor.execute[PointExecutor.java:75]&#13;
	at org.eclipse.epsilon.eol.execute.ContextlessOperationExecutor.execute[ContextlessOperationExecutor.java:27]&#13;
	at org.eclipse.epsilon.eol.execute.NameExecutor.execute[NameExecutor.java:38]&#13;
	at org.eclipse.epsilon.eol.execute.NameExecutor.execute[NameExecutor.java:97]&#13;
	at org.eclipse.epsilon.eol.execute.ExecutorFactory.executeAST[ExecutorFactory.java:226]&#13;
	at org.eclipse.epsilon.eol.execute.ExecutorFactory.executeAST[ExecutorFactory.java:196]&#13;
	at org.eclipse.epsilon.eol.execute.StatementBlockExecutor.execute[StatementBlockExecutor.java:26]&#13;
	at org.eclipse.epsilon.eol.execute.ExecutorFactory.executeAST[ExecutorFactory.java:226]&#13;
	at org.eclipse.epsilon.eol.EolOperation.executeBody[EolOperation.java:276]&#13;
	at org.eclipse.epsilon.eol.EolOperation.execute[EolOperation.java:248]&#13;
	at org.eclipse.epsilon.eunit.EUnitModule.runLeafTestCase[EUnitModule.java:414]&#13;
	at org.eclipse.epsilon.eunit.EUnitModule.runSuiteInternal[EUnitModule.java:342]&#13;
	at org.eclipse.epsilon.eunit.EUnitModule.runSuite[EUnitModule.java:165]&#13;
	at org.eclipse.epsilon.eunit.EUnitModule.runInnerTestCase[EUnitModule.java:369]&#13;
	at org.eclipse.epsilon.eunit.EUnitModule.runSuiteInternal[EUnitModule.java:344]&#13;
	at org.eclipse.epsilon.eunit.EUnitModule.runSuite[EUnitModule.java:165]&#13;
	at org.eclipse.epsilon.eunit.EUnitModule.execute[EUnitModule.java:126]&#13;
	at org.eclipse.epsilon.workflow.tasks.ExecutableModuleTask.executeImpl[ExecutableModuleTask.java:193]&#13;
	at org.eclipse.epsilon.workflow.tasks.EpsilonTask.execute[EpsilonTask.java:42]&#13;
	at org.apache.tools.ant.UnknownElement.execute[UnknownElement.java:291]&#13;
	at sun.reflect.NativeMethodAccessorImpl.invoke0[Native Method]&#13;
	at sun.reflect.NativeMethodAccessorImpl.invoke[NativeMethodAccessorImpl.java:39]&#13;
	at sun.reflect.DelegatingMethodAccessorImpl.invoke[DelegatingMethodAccessorImpl.java:25]&#13;
	at java.lang.reflect.Method.invoke[Method.java:597]&#13;
	at org.apache.tools.ant.dispatch.DispatchUtils.execute[DispatchUtils.java:106]&#13;
	at org.apache.tools.ant.Task.perform[Task.java:348]&#13;
	at org.apache.tools.ant.Target.execute[Target.java:392]&#13;
	at org.apache.tools.ant.Target.performTasks[Target.java:413]&#13;
	at org.apache.tools.ant.Project.executeSortedTargets[Project.java:1399]&#13;
	at org.apache.tools.ant.Project.executeTarget[Project.java:1368]&#13;
	at org.apache.tools.ant.helper.DefaultExecutor.executeTargets[DefaultExecutor.java:41]&#13;
	at org.eclipse.ant.internal.core.ant.EclipseDefaultExecutor.executeTargets[EclipseDefaultExecutor.java:32]&#13;
	at org.apache.tools.ant.Project.executeTargets[Project.java:1251]&#13;
	at org.eclipse.ant.internal.core.ant.InternalAntRunner.run[InternalAntRunner.java:672]&#13;
	at org.eclipse.ant.internal.core.ant.InternalAntRunner.run[InternalAntRunner.java:498]&#13;
	at sun.reflect.NativeMethodAccessorImpl.invoke0[Native Method]&#13;
	at sun.reflect.NativeMethodAccessorImpl.invoke[NativeMethodAccessorImpl.java:39]&#13;
	at sun.reflect.DelegatingMethodAccessorImpl.invoke[DelegatingMethodAccessorImpl.java:25]&#13;
	at java.lang.reflect.Method.invoke[Method.java:597]&#13;
	at org.eclipse.ant.core.AntRunner.run[AntRunner.java:378]&#13;
	at org.eclipse.ant.internal.launching.launchConfigurations.AntLaunchDelegate$1.run[AntLaunchDelegate.java:298]&#13;
	at java.lang.Thread.run[Thread.java:619]&#13;
Caused by: No lines contained a match for 'PaquetePruebas_metodoSinTipoConParam [ int a]' [C:\Users\Patricia\Documents\UNIVERSIDAD\PFC\Eclipse_1\TestGraphProductLine\src\test.eunit@128:4]&#13;
	... 51 more&#13;
 (C:\Users\Patricia\Documents\UNIVERSIDAD\PFC\Eclipse_1\TestGraphProductLine\src\test.eunit@128:4)&#13;
</system-err></testsuite>